The system is: Linux - 4.19.107-1-MANJARO - x86_64
Compiling the C compiler identification source file "CMakeCCompilerId.c" succeeded.
Compiler: /usr/bin/cc 
Build flags: 
Id flags:  

The output was:
0


Compilation of the C compiler identification source "CMakeCCompilerId.c" produced "a.out"

The C compiler identification is GNU, found in "/mnt/datos/informatica/ed/practicas/p3/packet_processor/build/CMakeFiles/3.16.4/CompilerIdC/a.out"

Compiling the CXX compiler identification source file "CMakeCXXCompilerId.cpp" succeeded.
Compiler: /usr/bin/c++ 
Build flags: 
Id flags:  

The output was:
0


Compilation of the CXX compiler identification source "CMakeCXXCompilerId.cpp" produced "a.out"

The CXX compiler identification is GNU, found in "/mnt/datos/informatica/ed/practicas/p3/packet_processor/build/CMakeFiles/3.16.4/CompilerIdCXX/a.out"

Determining if the C compiler works passed with the following output:
Change Dir: /mnt/datos/informatica/ed/practicas/p3/packet_processor/build/CMakeFiles/CMakeTmp

Run Build Command(s):/usr/bin/make cmTC_fd8e3/fast && /usr/bin/make -f CMakeFiles/cmTC_fd8e3.dir/build.make CMakeFiles/cmTC_fd8e3.dir/build
make[1]: se entra en el directorio '/mnt/datos/informatica/ed/practicas/p3/packet_processor/build/CMakeFiles/CMakeTmp'
Building C object CMakeFiles/cmTC_fd8e3.dir/testCCompiler.c.o
/usr/bin/cc    -o CMakeFiles/cmTC_fd8e3.dir/testCCompiler.c.o   -c /mnt/datos/informatica/ed/practicas/p3/packet_processor/build/CMakeFiles/CMakeTmp/testCCompiler.c
Linking C executable cmTC_fd8e3
/usr/bin/cmake -E cmake_link_script CMakeFiles/cmTC_fd8e3.dir/link.txt --verbose=1
/usr/bin/cc      -rdynamic CMakeFiles/cmTC_fd8e3.dir/testCCompiler.c.o  -o cmTC_fd8e3 
make[1]: se sale del directorio '/mnt/datos/informatica/ed/practicas/p3/packet_processor/build/CMakeFiles/CMakeTmp'



Determining if the CXX compiler works passed with the following output:
Change Dir: /mnt/datos/informatica/ed/practicas/p3/packet_processor/build/CMakeFiles/CMakeTmp

Run Build Command(s):/usr/bin/make cmTC_ac555/fast && /usr/bin/make -f CMakeFiles/cmTC_ac555.dir/build.make CMakeFiles/cmTC_ac555.dir/build
make[1]: se entra en el directorio '/mnt/datos/informatica/ed/practicas/p3/packet_processor/build/CMakeFiles/CMakeTmp'
Building CXX object CMakeFiles/cmTC_ac555.dir/testCXXCompiler.cxx.o
/usr/bin/c++     -o CMakeFiles/cmTC_ac555.dir/testCXXCompiler.cxx.o -c /mnt/datos/informatica/ed/practicas/p3/packet_processor/build/CMakeFiles/CMakeTmp/testCXXCompiler.cxx
Linking CXX executable cmTC_ac555
/usr/bin/cmake -E cmake_link_script CMakeFiles/cmTC_ac555.dir/link.txt --verbose=1
/usr/bin/c++       -rdynamic CMakeFiles/cmTC_ac555.dir/testCXXCompiler.cxx.o  -o cmTC_ac555 
make[1]: se sale del directorio '/mnt/datos/informatica/ed/practicas/p3/packet_processor/build/CMakeFiles/CMakeTmp'



